<?xml version="1.0" encoding="UTF-8"?>
<!-- Generated by org.testng.reporters.JUnitReportReporter -->
<testsuite hostname="UKPC32766" name="Clarity1_3.SUPWRS91648ATS005Verifythatthegovernanceuserisloggedoutifhelockshisaccountduringchangememorableword" tests="1" failures="0" timestamp="5 Dec 2018 16:13:26 GMT" time="17.238" errors="0">
  <testcase name="testSUPWRS91648ATS005Verifythatthegovernanceuserisloggedoutifhelockshisaccountduringchangememorableword" time="17.238" classname="Clarity1_3.SUPWRS91648ATS005Verifythatthegovernanceuserisloggedoutifhelockshisaccountduringchangememorableword"/>
</testsuite> <!-- Clarity1_3.SUPWRS91648ATS005Verifythatthegovernanceuserisloggedoutifhelockshisaccountduringchangememorableword -->
