<?xml version="1.0" encoding="UTF-8"?>
<!-- Generated by org.testng.reporters.JUnitReportReporter -->
<testsuite hostname="UKPC32766" name="example.ST1614ATS115CreateaddressforSecretarywithaddressnamealreadyexist" tests="1" failures="0" timestamp="4 Dec 2018 16:34:47 GMT" time="18.785" errors="0">
  <testcase name="testST1614ATS115CreateaddressforSecretarywithaddressnamealreadyexist" time="18.785" classname="example.ST1614ATS115CreateaddressforSecretarywithaddressnamealreadyexist"/>
</testsuite> <!-- example.ST1614ATS115CreateaddressforSecretarywithaddressnamealreadyexist -->
