<?xml version="1.0" encoding="UTF-8"?>
<!-- Generated by org.testng.reporters.JUnitReportReporter -->
<testsuite hostname="UKPC32766" name="Clarity1_3.SUPWRS91415ATS001VerifyErrorlogisdisplayedinadminsite" tests="1" failures="0" timestamp="5 Dec 2018 16:13:24 GMT" time="10.297" errors="0">
  <testcase name="testSUPWRS91415ATS001VerifyErrorlogisdisplayedinadminsite" time="10.297" classname="Clarity1_3.SUPWRS91415ATS001VerifyErrorlogisdisplayedinadminsite"/>
</testsuite> <!-- Clarity1_3.SUPWRS91415ATS001VerifyErrorlogisdisplayedinadminsite -->
