<?xml version="1.0" encoding="UTF-8"?>
<!-- Generated by org.testng.reporters.JUnitReportReporter -->
<testsuite hostname="UKPC32766" name="Clarity1_3.SUPWRS91628ATS019VerifySupportusernameamendby1whengeneratingLoginwithsameuserdetails" tests="1" failures="0" timestamp="5 Dec 2018 16:13:27 GMT" time="27.880" errors="0">
  <testcase name="testSUPWRS91628ATS019VerifySupportusernameamendby1whengeneratingLoginwithsameuserdetails" time="27.880" classname="Clarity1_3.SUPWRS91628ATS019VerifySupportusernameamendby1whengeneratingLoginwithsameuserdetails"/>
</testsuite> <!-- Clarity1_3.SUPWRS91628ATS019VerifySupportusernameamendby1whengeneratingLoginwithsameuserdetails -->
