<?xml version="1.0" encoding="UTF-8"?>
<!-- Generated by org.testng.reporters.JUnitReportReporter -->
<testsuite hostname="UKPC32766" name="Clarity1_3.SUPWRS91665ATS005Verifythatthesecretaryisloggedoutifhelockshisaccountduringchangepassword" tests="1" failures="0" timestamp="5 Dec 2018 16:13:28 GMT" time="33.577" errors="0">
  <testcase name="testSUPWRS91665ATS005Verifythatthesecretaryisloggedoutifhelockshisaccountduringchangepassword" time="33.577" classname="Clarity1_3.SUPWRS91665ATS005Verifythatthesecretaryisloggedoutifhelockshisaccountduringchangepassword"/>
</testsuite> <!-- Clarity1_3.SUPWRS91665ATS005Verifythatthesecretaryisloggedoutifhelockshisaccountduringchangepassword -->
