<?xml version="1.0" encoding="UTF-8"?>
<!-- Generated by org.testng.reporters.JUnitReportReporter -->
<testsuite hostname="UKPC32766" name="example.ST1610ATS002Logindetailscheck" tests="1" failures="0" timestamp="4 Dec 2018 16:34:47 GMT" time="6.077" errors="0">
  <testcase name="testST1610ATS002Logindetailscheck" time="6.077" classname="example.ST1610ATS002Logindetailscheck"/>
</testsuite> <!-- example.ST1610ATS002Logindetailscheck -->
