<?xml version="1.0" encoding="UTF-8"?>
<!-- Generated by org.testng.reporters.JUnitReportReporter -->
<testsuite hostname="UKPC32766" name="Clarity1_3.SUPWRS91628ATS012Verifysupportuserabletofilteronlymemberandemployerrole" tests="1" failures="0" timestamp="5 Dec 2018 16:13:25 GMT" time="12.598" errors="0">
  <testcase name="testSUPWRS91628ATS012Verifysupportuserabletofilteronlymemberandemployerrole" time="12.598" classname="Clarity1_3.SUPWRS91628ATS012Verifysupportuserabletofilteronlymemberandemployerrole"/>
</testsuite> <!-- Clarity1_3.SUPWRS91628ATS012Verifysupportuserabletofilteronlymemberandemployerrole -->
