<?xml version="1.0" encoding="UTF-8"?>
<!-- Generated by org.testng.reporters.JUnitReportReporter -->
<testsuite hostname="UKPC32342" name="example.ST1614ATS101CreateTrustwithoutmandatorydetail" tests="1" failures="0" timestamp="21 Jun 2018 11:21:26 GMT" time="18.131" errors="0">
  <testcase name="testST1614ATS101CreateTrustwithoutmandatorydetail" time="18.131" classname="example.ST1614ATS101CreateTrustwithoutmandatorydetail"/>
</testsuite> <!-- example.ST1614ATS101CreateTrustwithoutmandatorydetail -->
