<?xml version="1.0" encoding="UTF-8"?>
<!-- Generated by org.testng.reporters.JUnitReportReporter -->
<testsuite hostname="UKPC32766" name="example.ST1614ATS208SecretaryshouldbeabletofilterandviewTrusteeandgovernanceusersunderhistrust" tests="1" failures="0" timestamp="4 Dec 2018 16:34:47 GMT" time="12.375" errors="0">
  <testcase name="testST1614ATS208SecretaryshouldbeabletofilterandviewTrusteeandgovernanceusersunderhistrust" time="12.375" classname="example.ST1614ATS208SecretaryshouldbeabletofilterandviewTrusteeandgovernanceusersunderhistrust"/>
</testsuite> <!-- example.ST1614ATS208SecretaryshouldbeabletofilterandviewTrusteeandgovernanceusersunderhistrust -->
