<?xml version="1.0" encoding="UTF-8"?>
<!-- Generated by org.testng.reporters.JUnitReportReporter -->
<testsuite hostname="UKPC32766" name="Clarity1_3.SUPWRS91628ATS021Verifysupportuserabletogenerateloginforamember" tests="1" failures="0" timestamp="5 Dec 2018 16:13:25 GMT" time="10.161" errors="0">
  <testcase name="testSUPWRS91628ATS021Verifysupportuserabletogenerateloginforamember" time="10.161" classname="Clarity1_3.SUPWRS91628ATS021Verifysupportuserabletogenerateloginforamember"/>
</testsuite> <!-- Clarity1_3.SUPWRS91628ATS021Verifysupportuserabletogenerateloginforamember -->
