<?xml version="1.0" encoding="UTF-8"?>
<!-- Generated by org.testng.reporters.JUnitReportReporter -->
<testsuite hostname="UKPC32766" name="Clarity1_3.ATS005VerifyMyPaymentDetailspageformemberwhosehasonlychequedetails" tests="1" failures="0" timestamp="7 Aug 2018 11:37:27 GMT" time="19.882" errors="0">
  <testcase name="test00204ATS005VerifyMyPaymentDetailspageformemberwhosehasonlychequedetails" time="19.882" classname="Clarity1_3.ATS005VerifyMyPaymentDetailspageformemberwhosehasonlychequedetails"/>
</testsuite> <!-- Clarity1_3.ATS005VerifyMyPaymentDetailspageformemberwhosehasonlychequedetails -->
