<?xml version="1.0" encoding="UTF-8"?>
<!-- Generated by org.testng.reporters.JUnitReportReporter -->
<testsuite hostname="UKPC32766" name="Clarity1_2.ATS012aSetupCalculation" tests="1" failures="0" timestamp="30 Nov 2018 15:59:05 GMT" time="10.531" errors="0">
  <testcase name="test0109ATS012aSetupCalculation" time="10.531" classname="Clarity1_2.ATS012aSetupCalculation"/>
</testsuite> <!-- Clarity1_2.ATS012aSetupCalculation -->
