<?xml version="1.0" encoding="UTF-8"?>
<!-- Generated by org.testng.reporters.JUnitReportReporter -->
<testsuite hostname="UKPC32766" name="Clarity1_3.ATS016VerifyadminuserabletosetcorrespondenceaddressforPensioner" tests="1" failures="0" timestamp="5 Dec 2018 16:13:28 GMT" time="15.433" errors="0">
  <testcase name="test10005ATS016VerifyadminuserabletosetcorrespondenceaddressforPensioner" time="15.433" classname="Clarity1_3.ATS016VerifyadminuserabletosetcorrespondenceaddressforPensioner"/>
</testsuite> <!-- Clarity1_3.ATS016VerifyadminuserabletosetcorrespondenceaddressforPensioner -->
