<?xml version="1.0" encoding="UTF-8"?>
<!-- Generated by org.testng.reporters.JUnitReportReporter -->
<testsuite hostname="UKPC32766" name="Clarity1_3.SUPWRS91628ATS005Verifysuperadminuserabletofilterwithsupportrole" tests="1" failures="0" timestamp="5 Dec 2018 16:13:26 GMT" time="22.641" errors="0">
  <testcase name="testSUPWRS91628ATS005Verifysuperadminuserabletofilterwithsupportrole" time="22.641" classname="Clarity1_3.SUPWRS91628ATS005Verifysuperadminuserabletofilterwithsupportrole"/>
</testsuite> <!-- Clarity1_3.SUPWRS91628ATS005Verifysuperadminuserabletofilterwithsupportrole -->
