<?xml version="1.0" encoding="UTF-8"?>
<!-- Generated by org.testng.reporters.JUnitReportReporter -->
<testsuite hostname="UKPC32766" name="example.ST1614ATS150CancelupdationofTrusteeandGovernanceaddress" tests="1" failures="0" timestamp="4 Dec 2018 16:34:47 GMT" time="17.199" errors="0">
  <testcase name="testST1614ATS150CancelupdationofTrusteeandGovernanceaddress" time="17.199" classname="example.ST1614ATS150CancelupdationofTrusteeandGovernanceaddress"/>
</testsuite> <!-- example.ST1614ATS150CancelupdationofTrusteeandGovernanceaddress -->
