<?xml version="1.0" encoding="UTF-8"?>
<!-- Generated by org.testng.reporters.JUnitReportReporter -->
<testsuite hostname="UKPC32766" name="Clarity1_3.SUPWRS91665ATS009Verifythatthesupportuserisloggedoutifhelockshisaccountduringchangepassword" tests="1" failures="0" timestamp="5 Dec 2018 16:13:28 GMT" time="33.432" errors="0">
  <testcase name="testSUPWRS91665ATS009Verifythatthesupportuserisloggedoutifhelockshisaccountduringchangepassword" time="33.432" classname="Clarity1_3.SUPWRS91665ATS009Verifythatthesupportuserisloggedoutifhelockshisaccountduringchangepassword"/>
</testsuite> <!-- Clarity1_3.SUPWRS91665ATS009Verifythatthesupportuserisloggedoutifhelockshisaccountduringchangepassword -->
