<?xml version="1.0" encoding="UTF-8"?>
<!-- Generated by org.testng.reporters.JUnitReportReporter -->
<testsuite hostname="UKPC32766" name="Clarity1_3.SUPWRS91665ATS002Verifythattheadminisloggedoutifhelockshisaccountduringchangememorableword" tests="1" failures="0" timestamp="5 Dec 2018 16:13:28 GMT" time="32.413" errors="0">
  <testcase name="testSUPWRS91665ATS002Verifythattheadminisloggedoutifhelockshisaccountduringchangememorableword" time="32.413" classname="Clarity1_3.SUPWRS91665ATS002Verifythattheadminisloggedoutifhelockshisaccountduringchangememorableword"/>
</testsuite> <!-- Clarity1_3.SUPWRS91665ATS002Verifythattheadminisloggedoutifhelockshisaccountduringchangememorableword -->
