<?xml version="1.0" encoding="UTF-8"?>
<!-- Generated by org.testng.reporters.JUnitReportReporter -->
<testsuite hostname="UKPC32766" name="example.ST1614ATS111UpdateaddressforSecretarywithoutenteringmandatorydetails" tests="1" failures="0" timestamp="4 Dec 2018 16:34:47 GMT" time="28.704" errors="0">
  <testcase name="testST1614ATS111UpdateaddressforSecretarywithoutenteringmandatorydetails" time="28.704" classname="example.ST1614ATS111UpdateaddressforSecretarywithoutenteringmandatorydetails"/>
</testsuite> <!-- example.ST1614ATS111UpdateaddressforSecretarywithoutenteringmandatorydetails -->
