<?xml version="1.0" encoding="UTF-8"?>
<!-- Generated by org.testng.reporters.JUnitReportReporter -->
<testsuite hostname="UKPC32766" name="Clarity1_3.SUPWRS91628ATS008VerifysupportuserabletologintoAdminsite" tests="1" failures="0" timestamp="5 Dec 2018 16:13:26 GMT" time="5.160" errors="0">
  <testcase name="testSUPWRS91628ATS008VerifysupportuserabletologintoAdminsite" time="5.160" classname="Clarity1_3.SUPWRS91628ATS008VerifysupportuserabletologintoAdminsite"/>
</testsuite> <!-- Clarity1_3.SUPWRS91628ATS008VerifysupportuserabletologintoAdminsite -->
