<?xml version="1.0" encoding="UTF-8"?>
<!-- Generated by org.testng.reporters.JUnitReportReporter -->
<testsuite hostname="UKPC32766" name="Clarity1_3.SUPWRS91665ATS001Verifythattheadminisloggedoutifhelockshisaccountduringchangepassword" tests="1" failures="0" timestamp="5 Dec 2018 16:13:27 GMT" time="32.767" errors="0">
  <testcase name="testSUPWRS91665ATS001Verifythattheadminisloggedoutifhelockshisaccountduringchangepassword" time="32.767" classname="Clarity1_3.SUPWRS91665ATS001Verifythattheadminisloggedoutifhelockshisaccountduringchangepassword"/>
</testsuite> <!-- Clarity1_3.SUPWRS91665ATS001Verifythattheadminisloggedoutifhelockshisaccountduringchangepassword -->
