<?xml version="1.0" encoding="UTF-8"?>
<!-- Generated by org.testng.reporters.JUnitReportReporter -->
<testsuite hostname="UKPC32766" name="Clarity1_3.ATS015VerifyAdminusernotabletologingenerateloginforpensionerwithstatusCLOSED" tests="1" failures="0" timestamp="5 Dec 2018 16:13:26 GMT" time="10.736" errors="0">
  <testcase name="test10005ATS015VerifyAdminusernotabletologingenerateloginforpensionerwithstatusCLOSED" time="10.736" classname="Clarity1_3.ATS015VerifyAdminusernotabletologingenerateloginforpensionerwithstatusCLOSED"/>
</testsuite> <!-- Clarity1_3.ATS015VerifyAdminusernotabletologingenerateloginforpensionerwithstatusCLOSED -->
