<?xml version="1.0" encoding="UTF-8"?>
<!-- Generated by org.testng.reporters.JUnitReportReporter -->
<testsuite hostname="UKPC32766" name="example.ST1614ATS157UpdateaddressforTrusteeandGovernancewithoutenteringmandatorydetails" tests="1" failures="0" timestamp="4 Dec 2018 16:34:47 GMT" time="17.045" errors="0">
  <testcase name="testST1614ATS157UpdateaddressforTrusteeandGovernancewithoutenteringmandatorydetails" time="17.045" classname="example.ST1614ATS157UpdateaddressforTrusteeandGovernancewithoutenteringmandatorydetails"/>
</testsuite> <!-- example.ST1614ATS157UpdateaddressforTrusteeandGovernancewithoutenteringmandatorydetails -->
