<?xml version="1.0" encoding="UTF-8"?>
<!-- Generated by org.testng.reporters.JUnitReportReporter -->
<testsuite hostname="UKPC32766" name="example.ST1614ATS125ChangeMemorablewordwithinvaliddetails" tests="1" failures="0" timestamp="4 Dec 2018 16:34:47 GMT" time="18.673" errors="0">
  <testcase name="testST1614ATS125ChangeMemorablewordwithinvaliddetails" time="18.673" classname="example.ST1614ATS125ChangeMemorablewordwithinvaliddetails"/>
</testsuite> <!-- example.ST1614ATS125ChangeMemorablewordwithinvaliddetails -->
