<?xml version="1.0" encoding="UTF-8"?>
<!-- Generated by org.testng.reporters.JUnitReportReporter -->
<testsuite hostname="UKPC32766" name="example.ST1614ATS162CreatemultipleaccountforTrusteeandGovernance" tests="1" failures="0" timestamp="4 Dec 2018 16:34:46 GMT" time="13.956" errors="0">
  <testcase name="testST1614ATS162CreatemultipleaccountforTrusteeandGovernance" time="13.956" classname="example.ST1614ATS162CreatemultipleaccountforTrusteeandGovernance"/>
</testsuite> <!-- example.ST1614ATS162CreatemultipleaccountforTrusteeandGovernance -->
