<?xml version="1.0" encoding="UTF-8"?>
<!-- Generated by org.testng.reporters.JUnitReportReporter -->
<testsuite hostname="UKPC32766" name="Clarity1_2.ATSSetupBulkupload" tests="1" failures="0" timestamp="30 Nov 2018 15:59:05 GMT" time="12.298" errors="0">
  <testcase name="test0126008ATSSetupBulkupload" time="12.298" classname="Clarity1_2.ATSSetupBulkupload"/>
</testsuite> <!-- Clarity1_2.ATSSetupBulkupload -->
