<?xml version="1.0" encoding="UTF-8"?>
<!-- Generated by org.testng.reporters.JUnitReportReporter -->
<testsuite hostname="UKPC32766" name="Clarity1_2.ATS011AsaMemberwhomorethanoneaccountsmergedtoasingleloginplacearequestinboththeaccounts" tests="1" failures="0" timestamp="30 Nov 2018 15:59:05 GMT" time="43.475" errors="0">
  <testcase name="test0109ATS011AsaMemberwhomorethanoneaccountsmergedtoasingleloginplacearequestinboththeaccounts" time="43.475" classname="Clarity1_2.ATS011AsaMemberwhomorethanoneaccountsmergedtoasingleloginplacearequestinboththeaccounts"/>
</testsuite> <!-- Clarity1_2.ATS011AsaMemberwhomorethanoneaccountsmergedtoasingleloginplacearequestinboththeaccounts -->
