<?xml version="1.0" encoding="UTF-8"?>
<!-- Generated by org.testng.reporters.JUnitReportReporter -->
<testsuite hostname="UKPC32766" name="example.ST1614ATS107Restrictiononrolecreationforsecretarywithsamedetails" tests="1" failures="0" timestamp="4 Dec 2018 16:34:47 GMT" time="17.590" errors="0">
  <testcase name="testST1614ATS107Restrictiononrolecreationforsecretarywithsamedetails" time="17.590" classname="example.ST1614ATS107Restrictiononrolecreationforsecretarywithsamedetails"/>
</testsuite> <!-- example.ST1614ATS107Restrictiononrolecreationforsecretarywithsamedetails -->
