<?xml version="1.0" encoding="UTF-8"?>
<!-- Generated by org.testng.reporters.JUnitReportReporter -->
<testsuite hostname="UKPC32766" name="example.ST1614ATS131ResetdatainChangePasswordpage" tests="1" failures="0" timestamp="4 Dec 2018 16:34:46 GMT" time="5.969" errors="0">
  <testcase name="testST1614ATS131ResetdatainChangePasswordpage" time="5.969" classname="example.ST1614ATS131ResetdatainChangePasswordpage"/>
</testsuite> <!-- example.ST1614ATS131ResetdatainChangePasswordpage -->
