<?xml version="1.0" encoding="UTF-8"?>
<!-- Generated by org.testng.reporters.JUnitReportReporter -->
<testsuite hostname="UKPC32766" name="Clarity1_2.ATSDeleteThesessionwithdocumentscheckboxchecked" tests="1" failures="0" timestamp="30 Nov 2018 15:59:05 GMT" time="9.307" errors="0">
  <testcase name="test0126005ATSDeleteThesessionwithdocumentscheckboxchecked" time="9.307" classname="Clarity1_2.ATSDeleteThesessionwithdocumentscheckboxchecked"/>
</testsuite> <!-- Clarity1_2.ATSDeleteThesessionwithdocumentscheckboxchecked -->
