<?xml version="1.0" encoding="UTF-8"?>
<!-- Generated by org.testng.reporters.JUnitReportReporter -->
<testsuite hostname="UKPC32766" name="Clarity1_2.ATS001CreationofrolesforDBDCandHybridusersandassigningdynamichomepagetotherole" tests="1" failures="0" timestamp="30 Nov 2018 15:59:04 GMT" time="116.467" errors="0">
  <testcase name="test0128ATS001CreationofrolesforDBDCandHybridusersandassigningdynamichomepagetotherole" time="116.467" classname="Clarity1_2.ATS001CreationofrolesforDBDCandHybridusersandassigningdynamichomepagetotherole"/>
</testsuite> <!-- Clarity1_2.ATS001CreationofrolesforDBDCandHybridusersandassigningdynamichomepagetotherole -->
