<?xml version="1.0" encoding="UTF-8"?>
<!-- Generated by org.testng.reporters.JUnitReportReporter -->
<testsuite hostname="UKPC32766" name="Clarity1_3.SUPWRS91628ATS009Verifysupportusernotablelogintomembersite" tests="1" failures="0" timestamp="5 Dec 2018 16:13:27 GMT" time="3.556" errors="0">
  <testcase name="testSUPWRS91628ATS009Verifysupportusernotablelogintomembersite" time="3.556" classname="Clarity1_3.SUPWRS91628ATS009Verifysupportusernotablelogintomembersite"/>
</testsuite> <!-- Clarity1_3.SUPWRS91628ATS009Verifysupportusernotablelogintomembersite -->
