<?xml version="1.0" encoding="UTF-8"?>
<!-- Generated by org.testng.reporters.JUnitReportReporter -->
<testsuite hostname="UKPC32766" name="Clarity1_3.SUPWRS91628ATS011Verifysupportusernotabletochangehispasswordwithinvaliddetails" tests="1" failures="0" timestamp="5 Dec 2018 16:13:28 GMT" time="10.916" errors="0">
  <testcase name="testSUPWRS91628ATS011Verifysupportusernotabletochangehispasswordwithinvaliddetails" time="10.916" classname="Clarity1_3.SUPWRS91628ATS011Verifysupportusernotabletochangehispasswordwithinvaliddetails"/>
</testsuite> <!-- Clarity1_3.SUPWRS91628ATS011Verifysupportusernotabletochangehispasswordwithinvaliddetails -->
