<?xml version="1.0" encoding="UTF-8"?>
<!-- Generated by org.testng.reporters.JUnitReportReporter -->
<testsuite hostname="UKPC32766" name="Clarity1_3.SUPWRS91628ATS003Verifysuperadminabletogenerateloginforsupportrole" tests="1" failures="0" timestamp="5 Dec 2018 16:13:26 GMT" time="13.067" errors="0">
  <testcase name="testSUPWRS91628ATS003Verifysuperadminabletogenerateloginforsupportrole" time="13.067" classname="Clarity1_3.SUPWRS91628ATS003Verifysuperadminabletogenerateloginforsupportrole"/>
</testsuite> <!-- Clarity1_3.SUPWRS91628ATS003Verifysuperadminabletogenerateloginforsupportrole -->
