<?xml version="1.0" encoding="UTF-8"?>
<!-- Generated by org.testng.reporters.JUnitReportReporter -->
<testsuite hostname="UKPC32766" name="Clarity1_3.ATS008Pensionersarenotabletoresettheirpasswordswithinvaliddetails" tests="1" failures="0" timestamp="5 Dec 2018 16:13:27 GMT" time="3.207" errors="0">
  <testcase name="test0208ATS008Pensionersarenotabletoresettheirpasswordswithinvaliddetails" time="3.207" classname="Clarity1_3.ATS008Pensionersarenotabletoresettheirpasswordswithinvaliddetails"/>
</testsuite> <!-- Clarity1_3.ATS008Pensionersarenotabletoresettheirpasswordswithinvaliddetails -->
