<?xml version="1.0" encoding="UTF-8"?>
<!-- Generated by org.testng.reporters.JUnitReportReporter -->
<testsuite hostname="UKPC32766" name="Clarity1_3.SUPWRS91665ATS007Verifythatthesecretaryisloggedoutifhelockshisaccountduringchangezippassword" tests="1" failures="0" timestamp="5 Dec 2018 16:13:25 GMT" time="38.811" errors="0">
  <testcase name="testSUPWRS91665ATS007Verifythatthesecretaryisloggedoutifhelockshisaccountduringchangezippassword" time="38.811" classname="Clarity1_3.SUPWRS91665ATS007Verifythatthesecretaryisloggedoutifhelockshisaccountduringchangezippassword"/>
</testsuite> <!-- Clarity1_3.SUPWRS91665ATS007Verifythatthesecretaryisloggedoutifhelockshisaccountduringchangezippassword -->
