<?xml version="1.0" encoding="UTF-8"?>
<!-- Generated by org.testng.reporters.JUnitReportReporter -->
<testsuite hostname="UKPC32766" name="example.ST1614ATS108Newrolecreationforasecretary" tests="1" failures="0" timestamp="4 Dec 2018 16:34:47 GMT" time="12.182" errors="0">
  <testcase name="testST1614ATS108Newrolecreationforasecretary" time="12.182" classname="example.ST1614ATS108Newrolecreationforasecretary"/>
</testsuite> <!-- example.ST1614ATS108Newrolecreationforasecretary -->
