<?xml version="1.0" encoding="UTF-8"?>
<!-- Generated by org.testng.reporters.JUnitReportReporter -->
<testsuite hostname="UKPC32766" name="Clarity1_3.SUPWRS91628ATS018VerifyuserwithTrusteerolenotabletomergewithsupportrole" tests="1" failures="0" timestamp="2 Aug 2018 07:55:40 GMT" time="10.348" errors="0">
  <testcase name="testSUPWRS91628ATS018VerifyuserwithTrusteerolenotabletomergewithsupportrole" time="10.348" classname="Clarity1_3.SUPWRS91628ATS018VerifyuserwithTrusteerolenotabletomergewithsupportrole"/>
</testsuite> <!-- Clarity1_3.SUPWRS91628ATS018VerifyuserwithTrusteerolenotabletomergewithsupportrole -->
