<?xml version="1.0" encoding="UTF-8"?>
<!-- Generated by org.testng.reporters.JUnitReportReporter -->
<testsuite hostname="UKPC32766" name="Clarity1_3.SUPWRS91628ATS016Verifyuserwithempolyerrolenotabletomergewithsupportrole" tests="1" failures="0" timestamp="5 Dec 2018 16:13:28 GMT" time="11.456" errors="0">
  <testcase name="testSUPWRS91628ATS016Verifyuserwithempolyerrolenotabletomergewithsupportrole" time="11.456" classname="Clarity1_3.SUPWRS91628ATS016Verifyuserwithempolyerrolenotabletomergewithsupportrole"/>
</testsuite> <!-- Clarity1_3.SUPWRS91628ATS016Verifyuserwithempolyerrolenotabletomergewithsupportrole -->
