<?xml version="1.0" encoding="UTF-8"?>
<!-- Generated by org.testng.reporters.JUnitReportReporter -->
<testsuite hostname="UKPC32766" name="Clarity1_3.SUPWRS91665ATS008Verifythatthesecretaryisloggedoutifhelockshisaccountduringchangememorableword" tests="1" failures="0" timestamp="5 Dec 2018 16:13:26 GMT" time="34.068" errors="0">
  <testcase name="testSUPWRS91665ATS008Verifythatthesecretaryisloggedoutifhelockshisaccountduringchangememorableword" time="34.068" classname="Clarity1_3.SUPWRS91665ATS008Verifythatthesecretaryisloggedoutifhelockshisaccountduringchangememorableword"/>
</testsuite> <!-- Clarity1_3.SUPWRS91665ATS008Verifythatthesecretaryisloggedoutifhelockshisaccountduringchangememorableword -->
