<?xml version="1.0" encoding="UTF-8"?>
<!-- Generated by org.testng.reporters.JUnitReportReporter -->
<testsuite hostname="UKPC32766" name="Clarity1_3.SUPWRS91628ATS017VerifyuserwithGovernancerolenotabletomergewithsupportrole" tests="1" failures="0" timestamp="5 Dec 2018 16:13:26 GMT" time="9.191" errors="0">
  <testcase name="testSUPWRS91628ATS017VerifyuserwithGovernancerolenotabletomergewithsupportrole" time="9.191" classname="Clarity1_3.SUPWRS91628ATS017VerifyuserwithGovernancerolenotabletomergewithsupportrole"/>
</testsuite> <!-- Clarity1_3.SUPWRS91628ATS017VerifyuserwithGovernancerolenotabletomergewithsupportrole -->
