<?xml version="1.0" encoding="UTF-8"?>
<!-- Generated by org.testng.reporters.JUnitReportReporter -->
<testsuite hostname="UKPC32766" name="example.ST1614ATS160CreateaccountforTrusteeandGovernancewithoutmandatorydetails" tests="1" failures="0" timestamp="4 Dec 2018 16:34:47 GMT" time="13.282" errors="0">
  <testcase name="testST1614ATS160CreateaccountforTrusteeandGovernancewithoutmandatorydetails" time="13.282" classname="example.ST1614ATS160CreateaccountforTrusteeandGovernancewithoutmandatorydetails"/>
</testsuite> <!-- example.ST1614ATS160CreateaccountforTrusteeandGovernancewithoutmandatorydetails -->
