<?xml version="1.0" encoding="UTF-8"?>
<!-- Generated by org.testng.reporters.JUnitReportReporter -->
<testsuite hostname="UKPC32766" name="Clarity1_3.SUPWRS91628ATS020Verifysupportuserabletoperformblacklistoperationforempolyerrole" tests="1" failures="0" timestamp="5 Dec 2018 16:13:27 GMT" time="30.921" errors="0">
  <testcase name="testSUPWRS91628ATS020Verifysupportuserabletoperformblacklistoperationforempolyerrole" time="30.921" classname="Clarity1_3.SUPWRS91628ATS020Verifysupportuserabletoperformblacklistoperationforempolyerrole"/>
</testsuite> <!-- Clarity1_3.SUPWRS91628ATS020Verifysupportuserabletoperformblacklistoperationforempolyerrole -->
