<?xml version="1.0" encoding="UTF-8"?>
<!-- Generated by org.testng.reporters.JUnitReportReporter -->
<testsuite hostname="UKPC32766" name="example.ST1614ATS122ThisisthesameasATS121" tests="1" failures="0" timestamp="4 Dec 2018 16:34:47 GMT" time="10.936" errors="0">
  <testcase name="testST1614ATS122ThisisthesameasATS121" time="10.936" classname="example.ST1614ATS122ThisisthesameasATS121"/>
</testsuite> <!-- example.ST1614ATS122ThisisthesameasATS121 -->
